Preparing to unpack .../52-libsepol-dev_3.4-2.1_amd64.deb ...
Unpacking libsepol-dev:amd64 (3.4-2.1) ...
Selecting previously unselected package libpcre2-16-0:amd64.
Preparing to unpack .../53-libpcre2-16-0_10.42-1_amd64.deb ...
Unpacking libpcre2-16-0:amd64 (10.42-1) ...
Selecting previously unselected package libpcre2-32-0:amd64.
Preparing to unpack .../54-libpcre2-32-0_10.42-1_amd64.deb ...
Unpacking libpcre2-32-0:amd64 (10.42-1) ...
Selecting previously unselected package libpcre2-posix3:amd64.
Preparing to unpack .../55-libpcre2-posix3_10.42-1_amd64.deb ...
Unpacking libpcre2-posix3:amd64 (10.42-1) ...
Selecting previously unselected package libpcre2-dev:amd64.
Preparing to unpack .../56-libpcre2-dev_10.42-1_amd64.deb ...
Unpacking libpcre2-dev:amd64 (10.42-1) ...
Selecting previously unselected package libselinux1-dev:amd64.
Preparing to unpack .../57-libselinux1-dev_3.4-1+b6_amd64.deb ...
Unpacking libselinux1-dev:amd64 (3.4-1+b6) ...
Selecting previously unselected package libmount-dev:amd64.
Preparing to unpack .../58-libmount-dev_2.38.1-5+deb12u3_amd64.deb ...
Unpacking libmount-dev:amd64 (2.38.1-5+deb12u3) ...
Selecting previously unselected package libglib2.0-dev:amd64.
Preparing to unpack .../59-libglib2.0-dev_2.74.6-2+deb12u8_amd64.deb ...
Unpacking libglib2.0-dev:amd64 (2.74.6-2+deb12u8) ...
Selecting previously unselected package libpixman-1-dev:amd64.
Preparing to unpack .../60-libpixman-1-dev_0.42.2-1_amd64.deb ...
Unpacking libpixman-1-dev:amd64 (0.42.2-1) ...
Selecting previously unselected package xorg-sgml-doctools.
Preparing to unpack .../61-xorg-sgml-doctools_1%3a1.11-1.1_all.deb ...
Unpacking xorg-sgml-doctools (1:1.11-1.1) ...
Selecting previously unselected package x11proto-dev.
Preparing to unpack .../62-x11proto-dev_2022.1-1_all.deb ...
Unpacking x11proto-dev (2022.1-1) ...
Selecting previously unselected package x11proto-core-dev.
Preparing to unpack .../63-x11proto-core-dev_2022.1-1_all.deb ...
Unpacking x11proto-core-dev (2022.1-1) ...
Selecting previously unselected package libice-dev:amd64.
Preparing to unpack .../64-libice-dev_2%3a1.0.10-1_amd64.deb ...
Unpacking libice-dev:amd64 (2:1.0.10-1) ...
Selecting previously unselected package libsm-dev:amd64.
Preparing to unpack .../65-libsm-dev_2%3a1.2.3-1_amd64.deb ...
Unpacking libsm-dev:amd64 (2:1.2.3-1) ...
Selecting previously unselected package libxau-dev:amd64.
Preparing to unpack .../66-libxau-dev_1%3a1.0.9-1_amd64.deb ...
Unpacking libxau-dev:amd64 (1:1.0.9-1) ...
Selecting previously unselected package libxdmcp-dev:amd64.
Preparing to unpack .../67-libxdmcp-dev_1%3a1.1.2-3_amd64.deb ...
Unpacking libxdmcp-dev:amd64 (1:1.1.2-3) ...
Selecting previously unselected package xtrans-dev.
Preparing to unpack .../68-xtrans-dev_1.4.0-1_all.deb ...
Unpacking xtrans-dev (1.4.0-1) ...
Selecting previously unselected package libpthread-stubs0-dev:amd64.
Preparing to unpack .../69-libpthread-stubs0-dev_0.4-1_amd64.deb ...
Unpacking libpthread-stubs0-dev:amd64 (0.4-1) ...
Selecting previously unselected package libxcb1-dev:amd64.
Preparing to unpack .../70-libxcb1-dev_1.15-1_amd64.deb ...
Unpacking libxcb1-dev:amd64 (1.15-1) ...
Selecting previously unselected package libx11-dev:amd64.
Preparing to unpack .../71-libx11-dev_2%3a1.8.4-2+deb12u2_amd64.deb ...
Unpacking libx11-dev:amd64 (2:1.8.4-2+deb12u2) ...
Selecting previously unselected package libxcb-render0-dev:amd64.
Preparing to unpack .../72-libxcb-render0-dev_1.15-1_amd64.deb ...
Unpacking libxcb-render0-dev:amd64 (1.15-1) ...
Selecting previously unselected package libxcb-shm0-dev:amd64.
Preparing to unpack .../73-libxcb-shm0-dev_1.15-1_amd64.deb ...
Unpacking libxcb-shm0-dev:amd64 (1.15-1) ...
Selecting previously unselected package libxext-dev:amd64.
Preparing to unpack .../74-libxext-dev_2%3a1.3.4-1+b1_amd64.deb ...
Unpacking libxext-dev:amd64 (2:1.3.4-1+b1) ...
Selecting previously unselected package libxrender-dev:amd64.
Preparing to unpack .../75-libxrender-dev_1%3a0.9.10-1.1_amd64.deb ...
Unpacking libxrender-dev:amd64 (1:0.9.10-1.1) ...
Selecting previously unselected package libcairo2-dev:amd64.
Preparing to unpack .../76-libcairo2-dev_1.16.0-7_amd64.deb ...
Unpacking libcairo2-dev:amd64 (1.16.0-7) ...
Selecting previously unselected package libev-dev:amd64.
Preparing to unpack .../77-libev-dev_1%3a4.33-1_amd64.deb ...
Unpacking libev-dev:amd64 (1:4.33-1) ...
Selecting previously unselected package libfontconfig1-dev:amd64.
Preparing to unpack .../78-libfontconfig1-dev_2.14.1-4_amd64.deb ...
Unpacking libfontconfig1-dev:amd64 (2.14.1-4) ...
Selecting previously unselected package libjpeg62-turbo-dev:amd64.
Preparing to unpack .../79-libjpeg62-turbo-dev_1%3a2.1.5-2_amd64.deb ...
Unpacking libjpeg62-turbo-dev:amd64 (1:2.1.5-2) ...
Selecting previously unselected package libjpeg-dev:amd64.
Preparing to unpack .../80-libjpeg-dev_1%3a2.1.5-2_amd64.deb ...
Unpacking libjpeg-dev:amd64 (1:2.1.5-2) ...
Selecting previously unselected package libpam0g-dev:amd64.
Preparing to unpack .../81-libpam0g-dev_1.5.2-6+deb12u2_amd64.deb ...
Unpacking libpam0g-dev:amd64 (1.5.2-6+deb12u2) ...
Selecting previously unselected package libx11-xcb-dev:amd64.
Preparing to unpack .../82-libx11-xcb-dev_2%3a1.8.4-2+deb12u2_amd64.deb ...
Unpacking libx11-xcb-dev:amd64 (2:1.8.4-2+deb12u2) ...
Selecting previously unselected package libxcb-shape0-dev:amd64.
Preparing to unpack .../83-libxcb-shape0-dev_1.15-1_amd64.deb ...
Unpacking libxcb-shape0-dev:amd64 (1.15-1) ...
Selecting previously unselected package libxcb-xfixes0-dev:amd64.
Preparing to unpack .../84-libxcb-xfixes0-dev_1.15-1_amd64.deb ...
Unpacking libxcb-xfixes0-dev:amd64 (1.15-1) ...
Selecting previously unselected package libxcb-composite0-dev:amd64.
Preparing to unpack .../85-libxcb-composite0-dev_1.15-1_amd64.deb ...
Unpacking libxcb-composite0-dev:amd64 (1.15-1) ...
Selecting previously unselected package libxcb-image0-dev:amd64.
Preparing to unpack .../86-libxcb-image0-dev_0.4.0-2_amd64.deb ...
Unpacking libxcb-image0-dev:amd64 (0.4.0-2) ...
Selecting previously unselected package libxcb-randr0-dev:amd64.
Preparing to unpack .../87-libxcb-randr0-dev_1.15-1_amd64.deb ...
Unpacking libxcb-randr0-dev:amd64 (1.15-1) ...
Selecting previously unselected package libxcb-util-dev:amd64.
Preparing to unpack .../88-libxcb-util-dev_0.4.0-1+b1_amd64.deb ...
Unpacking libxcb-util-dev:amd64 (0.4.0-1+b1) ...
Selecting previously unselected package libxcb-util0-dev:amd64.
Preparing to unpack .../89-libxcb-util0-dev_0.4.0-1+b1_amd64.deb ...
Unpacking libxcb-util0-dev:amd64 (0.4.0-1+b1) ...
Selecting previously unselected package libxcb-xinerama0-dev:amd64.
Preparing to unpack .../90-libxcb-xinerama0-dev_1.15-1_amd64.deb ...
Unpacking libxcb-xinerama0-dev:amd64 (1.15-1) ...
Selecting previously unselected package libxcb-xkb-dev:amd64.
Preparing to unpack .../91-libxcb-xkb-dev_1.15-1_amd64.deb ...
Unpacking libxcb-xkb-dev:amd64 (1.15-1) ...
Selecting previously unselected package libxcb-xrm0:amd64.
Preparing to unpack .../92-libxcb-xrm0_1.0-3+b1_amd64.deb ...
Unpacking libxcb-xrm0:amd64 (1.0-3+b1) ...
Selecting previously unselected package libxcb-xrm-dev:amd64.
Preparing to unpack .../93-libxcb-xrm-dev_1.0-3+b1_amd64.deb ...
Unpacking libxcb-xrm-dev:amd64 (1.0-3+b1) ...
Selecting previously unselected package libxkbcommon-dev:amd64.
Preparing to unpack .../94-libxkbcommon-dev_1.5.0-1_amd64.deb ...
Unpacking libxkbcommon-dev:amd64 (1.5.0-1) ...
Selecting previously unselected package libxkbcommon-x11-dev:amd64.
Preparing to unpack .../95-libxkbcommon-x11-dev_1.5.0-1_amd64.deb ...
Unpacking libxkbcommon-x11-dev:amd64 (1.5.0-1) ...
Selecting previously unselected package make.
Preparing to unpack .../96-make_4.3-4.1_amd64.deb ...
Unpacking make (4.3-4.1) ...
Setting up libpixman-1-dev:amd64 (0.42.2-1) ...
Setting up wget (1.21.3-1+deb12u1) ...
Setting up libxkbcommon-dev:amd64 (1.5.0-1) ...
Setting up binutils-common:amd64 (2.40-2) ...
Setting up linux-libc-dev:amd64 (6.1.159-1) ...
Setting up libctf-nobfd0:amd64 (2.40-2) ...
Setting up m4 (1.4.19-3) ...
Setting up liblzo2-2:amd64 (2.10-2) ...
Setting up libxcb-xrm0:amd64 (1.0-3+b1) ...
Setting up libffi-dev:amd64 (3.4.4-1) ...
Setting up libpthread-stubs0-dev:amd64 (0.4-1) ...
Setting up libpcre2-16-0:amd64 (10.42-1) ...
Setting up xtrans-dev (1.4.0-1) ...
Setting up perl-modules-5.36 (5.36.0-7+deb12u3) ...
Setting up libpcre2-32-0:amd64 (10.42-1) ...
Setting up libtirpc-dev:amd64 (1.3.3+ds-1) ...
Setting up libpkgconf3:amd64 (1.8.1-1) ...
Setting up rpcsvc-proto (1.4.3-1) ...
Setting up make (4.3-4.1) ...
Setting up libatomic1:amd64 (12.2.0-14+deb12u1) ...
Setting up libsepol-dev:amd64 (3.4-2.1) ...
Setting up pkgconf-bin (1.8.1-1) ...
Setting up libubsan1:amd64 (12.2.0-14+deb12u1) ...
Setting up libpcre2-posix3:amd64 (10.42-1) ...
Setting up libnsl-dev:amd64 (1.3.0-2) ...
Setting up libcrypt-dev:amd64 (1:4.4.33-2) ...
Setting up libasan8:amd64 (12.2.0-14+deb12u1) ...
Setting up xorg-sgml-doctools (1:1.11-1.1) ...
Setting up libev-dev:amd64 (1:4.33-1) ...
Setting up libtsan2:amd64 (12.2.0-14+deb12u1) ...
Setting up libbinutils:amd64 (2.40-2) ...
Setting up libc-dev-bin (2.36-9+deb12u13) ...
Setting up openssl (3.0.18-1~deb12u1) ...
Setting up python3-lib2to3 (3.11.2-3) ...
Setting up libcc1-0:amd64 (12.2.0-14+deb12u1) ...
Setting up libbrotli-dev:amd64 (1.0.9-2+b6) ...
Setting up liblsan0:amd64 (12.2.0-14+deb12u1) ...
Setting up libitm1:amd64 (12.2.0-14+deb12u1) ...
Setting up libgdbm6:amd64 (1.23-3) ...
Setting up libctf0:amd64 (2.40-2) ...
Setting up python3-distutils (3.11.2-3) ...
Setting up libcairo-script-interpreter2:amd64 (1.16.0-7) ...
Setting up libglib2.0-dev-bin (2.74.6-2+deb12u8) ...
Setting up pkgconf:amd64 (1.8.1-1) ...
Setting up ca-certificates (20230311+deb12u1) ...
locale: Cannot set LC_CTYPE to default locale: No such file or directory
locale: Cannot set LC_MESSAGES to default locale: No such file or directory
locale: Cannot set LC_ALL to default locale: No such file or directory
Updating certificates in /etc/ssl/certs...
142 added, 0 removed; done.
Setting up libgprofng0:amd64 (2.40-2) ...
Setting up libgcc-12-dev:amd64 (12.2.0-14+deb12u1) ...
Setting up pkg-config:amd64 (1.8.1-1) ...
Setting up libgdbm-compat4:amd64 (1.23-3) ...
Setting up libc6-dev:amd64 (2.36-9+deb12u13) ...
Setting up libperl5.36:amd64 (5.36.0-7+deb12u3) ...
Setting up binutils-x86-64-linux-gnu (2.40-2) ...
Setting up libpcre2-dev:amd64 (10.42-1) ...
Setting up libpam0g-dev:amd64 (1.5.2-6+deb12u2) ...
Setting up libselinux1-dev:amd64 (3.4-1+b6) ...
Setting up binutils (2.40-2) ...
Setting up perl (5.36.0-7+deb12u3) ...
Setting up libexpat1-dev:amd64 (2.5.0-1+deb12u2) ...
Setting up libjpeg62-turbo-dev:amd64 (1:2.1.5-2) ...
Setting up gcc-12 (12.2.0-14+deb12u1) ...
Setting up uuid-dev:amd64 (2.38.1-5+deb12u3) ...
Setting up autoconf (2.71-3) ...
Setting up zlib1g-dev:amd64 (1:1.2.13.dfsg-1) ...
Setting up libblkid-dev:amd64 (2.38.1-5+deb12u3) ...
Setting up libpng-dev:amd64 (1.6.39-2+deb12u1) ...
Setting up libjpeg-dev:amd64 (1:2.1.5-2) ...
Setting up gcc (4:12.2.0-3) ...
Setting up libfreetype-dev:amd64 (2.12.1+dfsg-5+deb12u4) ...
Setting up libmount-dev:amd64 (2.38.1-5+deb12u3) ...
Setting up libfontconfig-dev:amd64 (2.14.1-4) ...
Setting up libglib2.0-dev:amd64 (2.74.6-2+deb12u8) ...
Setting up libfontconfig1-dev:amd64 (2.14.1-4) ...
Processing triggers for libglib2.0-0:amd64 (2.74.6-2+deb12u8) ...
Processing triggers for libc-bin (2.36-9+deb12u13) ...
Processing triggers for sgml-base (1.31) ...
Setting up x11proto-dev (2022.1-1) ...
Setting up libxau-dev:amd64 (1:1.0.9-1) ...
Setting up libice-dev:amd64 (2:1.0.10-1) ...
Setting up libsm-dev:amd64 (2:1.2.3-1) ...
Setting up libxdmcp-dev:amd64 (1:1.1.2-3) ...
Setting up x11proto-core-dev (2022.1-1) ...
Setting up libxcb1-dev:amd64 (1.15-1) ...
Setting up libxcb-xkb-dev:amd64 (1.15-1) ...
Setting up libx11-dev:amd64 (2:1.8.4-2+deb12u2) ...
Setting up libxcb-xinerama0-dev:amd64 (1.15-1) ...
Setting up libxcb-shm0-dev:amd64 (1.15-1) ...
Setting up libxcb-util-dev:amd64 (0.4.0-1+b1) ...
Setting up libxcb-render0-dev:amd64 (1.15-1) ...
Setting up libxcb-shape0-dev:amd64 (1.15-1) ...
Setting up libxext-dev:amd64 (2:1.3.4-1+b1) ...
Setting up libxcb-xfixes0-dev:amd64 (1.15-1) ...
Setting up libxrender-dev:amd64 (1:0.9.10-1.1) ...
Setting up libxcb-image0-dev:amd64 (0.4.0-2) ...
Setting up libxkbcommon-x11-dev:amd64 (1.5.0-1) ...
Setting up libxcb-util0-dev:amd64 (0.4.0-1+b1) ...
Setting up libx11-xcb-dev:amd64 (2:1.8.4-2+deb12u2) ...
Setting up libxcb-composite0-dev:amd64 (1.15-1) ...
Setting up libxcb-randr0-dev:amd64 (1.15-1) ...
Setting up libcairo2-dev:amd64 (1.16.0-7) ...
Setting up libxcb-xrm-dev:amd64 (1.0-3+b1) ...
Processing triggers for ca-certificates (20230311+deb12u1) ...
Updating certificates in /etc/ssl/certs...
0 added, 0 removed; done.
Running hooks in /etc/ca-certificates/update.d...
done.
[i3lock-color] Baixando source 2.13.c.5...
[i3lock-color] Compilando...
perl: warning: Setting locale failed.
perl: warning: Please check that your locale settings:
	LANGUAGE = "pt_BR:pt:en",
	LC_ALL = (unset),
	LANG = "pt_BR.UTF-8"
    are supported and installed on your system.
perl: warning: Falling back to the standard locale ("C").
Can't exec "aclocal": No such file or directory at /usr/share/autoconf/Autom4te/FileUtils.pm line 274.
autoreconf: error: aclocal failed with exit status: 2
Desmontando filesystems virtuais...
make: *** [Makefile:46: rootfs] Erro 2
gaua@GauaXFCE:~/Imagens/FlavosOS$ 
